# JRE version: OpenJDK Runtime Environment (17.0.6) (build 17.0.6+0-b2043.56-9586694)
# Java VM: OpenJDK 64-Bit Server VM (17.0.6+0-b2043.56-9586694, mixed mode, tiered, compressed oops, compressed class ptrs, g1 gc, windows-amd64)
GC Precious Log:
 CPUs: 12 total, 12 available
 Memory: 16125M
 Large Page Support: Disabled
 NUMA Support: Disabled
 Compressed Oops: Enabled (32-bit)
 Heap Region Size: 1M
 Heap Min Capacity: 8M
 Heap Initial Capacity: 252M
 Heap Max Capacity: 1536M
 Pre-touch: Disabled
 Parallel Workers: 10
 Concurrent Workers: 3
 Concurrent Refinement Workers: 10
 Periodic GC: Disabled
Heap:
 garbage-first heap   total 388096K, used 238137K [0x00000000a0000000, 0x0000000100000000)
  region size 1024K, 12 young (12288K), 12 survivors (12288K)
 Metaspace       used 146832K, committed 147968K, reserved 1179648K
  class space    used 19781K, committed 20288K, reserved 1048576K
GC Heap History (20 events):
Event: 2431.549 GC heap after
{Heap after GC invocations=72 (full 0):
 garbage-first heap   total 321536K, used 197345K [0x00000000a0000000, 0x0000000100000000)
  region size 1024K, 8 young (8192K), 8 survivors (8192K)
 Metaspace       used 120787K, committed 121728K, reserved 1155072K
  class space    used 16203K, committed 16640K, reserved 1048576K
}
Event: 2432.190 GC heap before
{Heap before GC invocations=72 (full 0):
 garbage-first heap   total 321536K, used 253665K [0x00000000a0000000, 0x0000000100000000)
  region size 1024K, 65 young (66560K), 8 survivors (8192K)
 Metaspace       used 124354K, committed 125376K, reserved 1163264K
  class space    used 16596K, committed 17088K, reserved 1048576K
}
Event: 2432.197 GC heap after
{Heap after GC invocations=73 (full 0):
 garbage-first heap   total 321536K, used 207501K [0x00000000a0000000, 0x0000000100000000)
  region size 1024K, 10 young (10240K), 10 survivors (10240K)
 Metaspace       used 124354K, committed 125376K, reserved 1163264K
  class space    used 16596K, committed 17088K, reserved 1048576K
}
Event: 2432.720 GC heap before
{Heap before GC invocations=74 (full 0):
 garbage-first heap   total 360448K, used 278157K [0x00000000a0000000, 0x0000000100000000)
  region size 1024K, 70 young (71680K), 10 survivors (10240K)
 Metaspace       used 128285K, committed 129280K, reserved 1163264K
  class space    used 16955K, committed 17408K, reserved 1048576K
}
Event: 2432.724 GC heap after
{Heap after GC invocations=75 (full 0):
 garbage-first heap   total 360448K, used 207267K [0x00000000a0000000, 0x0000000100000000)
  region size 1024K, 7 young (7168K), 7 survivors (7168K)
 Metaspace       used 128285K, committed 129280K, reserved 1163264K
  class space    used 16955K, committed 17408K, reserved 1048576K
}
Event: 2432.765 GC heap before
{Heap before GC invocations=75 (full 0):
 garbage-first heap   total 360448K, used 216483K [0x00000000a0000000, 0x0000000100000000)
  region size 1024K, 17 young (17408K), 7 survivors (7168K)
 Metaspace       used 129180K, committed 130240K, reserved 1163264K
  class space    used 17049K, committed 17536K, reserved 1048576K
}
Event: 2432.769 GC heap after
{Heap after GC invocations=76 (full 0):
 garbage-first heap   total 360448K, used 202909K [0x00000000a0000000, 0x0000000100000000)
  region size 1024K, 2 young (2048K), 2 survivors (2048K)
 Metaspace       used 129180K, committed 130240K, reserved 1163264K
  class space    used 17049K, committed 17536K, reserved 1048576K
}
Event: 2433.205 GC heap before
{Heap before GC invocations=76 (full 0):
 garbage-first heap   total 360448K, used 291997K [0x00000000a0000000, 0x0000000100000000)
  region size 1024K, 90 young (92160K), 2 survivors (2048K)
 Metaspace       used 132688K, committed 133696K, reserved 1171456K
  class space    used 17431K, committed 17920K, reserved 1048576K
}
Event: 2433.207 GC heap after
{Heap after GC invocations=77 (full 0):
 garbage-first heap   total 360448K, used 204382K [0x00000000a0000000, 0x0000000100000000)
  region size 1024K, 3 young (3072K), 3 survivors (3072K)
 Metaspace       used 132688K, committed 133696K, reserved 1171456K
  class space    used 17431K, committed 17920K, reserved 1048576K
}
Event: 2433.384 GC heap before
{Heap before GC invocations=78 (full 0):
 garbage-first heap   total 375808K, used 299614K [0x00000000a0000000, 0x0000000100000000)
  region size 1024K, 97 young (99328K), 3 survivors (3072K)
 Metaspace       used 133493K, committed 134592K, reserved 1171456K
  class space    used 17506K, committed 18048K, reserved 1048576K
}
Event: 2433.387 GC heap after
{Heap after GC invocations=79 (full 0):
 garbage-first heap   total 375808K, used 205359K [0x00000000a0000000, 0x0000000100000000)
  region size 1024K, 4 young (4096K), 4 survivors (4096K)
 Metaspace       used 133493K, committed 134592K, reserved 1171456K
  class space    used 17506K, committed 18048K, reserved 1048576K
}
Event: 2433.418 GC heap before
{Heap before GC invocations=79 (full 0):
 garbage-first heap   total 375808K, used 219695K [0x00000000a0000000, 0x0000000100000000)
  region size 1024K, 18 young (18432K), 4 survivors (4096K)
 Metaspace       used 133561K, committed 134656K, reserved 1171456K
  class space    used 17510K, committed 18048K, reserved 1048576K
}
Event: 2433.423 GC heap after
{Heap after GC invocations=80 (full 0):
 garbage-first heap   total 375808K, used 201076K [0x00000000a0000000, 0x0000000100000000)
  region size 1024K, 2 young (2048K), 2 survivors (2048K)
 Metaspace       used 133561K, committed 134656K, reserved 1171456K
  class space    used 17510K, committed 18048K, reserved 1048576K
}
Event: 2433.875 GC heap before
{Heap before GC invocations=80 (full 0):
 garbage-first heap   total 375808K, used 313716K [0x00000000a0000000, 0x0000000100000000)
  region size 1024K, 113 young (115712K), 2 survivors (2048K)
 Metaspace       used 138737K, committed 139904K, reserved 1171456K
  class space    used 18266K, committed 18816K, reserved 1048576K
}
Event: 2433.881 GC heap after
{Heap after GC invocations=81 (full 0):
 garbage-first heap   total 375808K, used 211966K [0x00000000a0000000, 0x0000000100000000)
  region size 1024K, 12 young (12288K), 12 survivors (12288K)
 Metaspace       used 138737K, committed 139904K, reserved 1171456K
  class space    used 18266K, committed 18816K, reserved 1048576K
}
Event: 2434.105 GC heap before
{Heap before GC invocations=82 (full 0):
 garbage-first heap   total 388096K, used 313342K [0x00000000a0000000, 0x0000000100000000)
  region size 1024K, 112 young (114688K), 12 survivors (12288K)
 Metaspace       used 143734K, committed 144832K, reserved 1179648K
  class space    used 19208K, committed 19712K, reserved 1048576K
}
Event: 2434.116 GC heap after
{Heap after GC invocations=83 (full 0):
 garbage-first heap   total 388096K, used 225527K [0x00000000a0000000, 0x0000000100000000)
  region size 1024K, 14 young (14336K), 14 survivors (14336K)
 Metaspace       used 143734K, committed 144832K, reserved 1179648K
  class space    used 19208K, committed 19712K, reserved 1048576K
}
Event: 2434.119 GC heap before
{Heap before GC invocations=83 (full 0):
 garbage-first heap   total 388096K, used 229623K [0x00000000a0000000, 0x0000000100000000)
  region size 1024K, 18 young (18432K), 14 survivors (14336K)
 Metaspace       used 143740K, committed 144832K, reserved 1179648K
  class space    used 19210K, committed 19712K, reserved 1048576K
}
Event: 2434.126 GC heap after
{Heap after GC invocations=84 (full 0):
 garbage-first heap   total 388096K, used 225781K [0x00000000a0000000, 0x0000000100000000)
  region size 1024K, 3 young (3072K), 3 survivors (3072K)
 Metaspace       used 143740K, committed 144832K, reserved 1179648K
  class space    used 19210K, committed 19712K, reserved 1048576K
}
Event: 2434.239 GC heap before
{Heap before GC invocations=84 (full 0):
 garbage-first heap   total 388096K, used 318965K [0x00000000a0000000, 0x0000000100000000)
  region size 1024K, 95 young (97280K), 3 survivors (3072K)
 Metaspace       used 146832K, committed 147968K, reserved 1179648K
  class space    used 19781K, committed 20288K, reserved 1048576K
}

