# JRE version: OpenJDK Runtime Environment (17.0.6) (build 17.0.6+0-b2043.56-9586694)
# Java VM: OpenJDK 64-Bit Server VM (17.0.6+0-b2043.56-9586694, mixed mode, tiered, compressed oops, compressed class ptrs, g1 gc, windows-amd64)
GC Precious Log:
 CPUs: 12 total, 12 available
 Memory: 16125M
 Large Page Support: Disabled
 NUMA Support: Disabled
 Compressed Oops: Enabled (32-bit)
 Heap Region Size: 1M
 Heap Min Capacity: 8M
 Heap Initial Capacity: 252M
 Heap Max Capacity: 1536M
 Pre-touch: Disabled
 Parallel Workers: 10
 Concurrent Workers: 3
 Concurrent Refinement Workers: 10
 Periodic GC: Disabled
Heap:
 garbage-first heap   total 178176K, used 121134K [0x00000000a0000000, 0x0000000100000000)
  region size 1024K, 42 young (43008K), 4 survivors (4096K)
 Metaspace       used 94299K, committed 94976K, reserved 1130496K
  class space    used 13072K, committed 13376K, reserved 1048576K
GC Heap History (20 events):
Event: 2.702 GC heap before
{Heap before GC invocations=13 (full 0):
 garbage-first heap   total 108544K, used 80863K [0x00000000a0000000, 0x0000000100000000)
  region size 1024K, 52 young (53248K), 5 survivors (5120K)
 Metaspace       used 51207K, committed 51584K, reserved 1097728K
  class space    used 6828K, committed 7040K, reserved 1048576K
}
Event: 2.706 GC heap after
{Heap after GC invocations=14 (full 0):
 garbage-first heap   total 108544K, used 34549K [0x00000000a0000000, 0x0000000100000000)
  region size 1024K, 3 young (3072K), 3 survivors (3072K)
 Metaspace       used 51207K, committed 51584K, reserved 1097728K
  class space    used 6828K, committed 7040K, reserved 1048576K
}
Event: 3.005 GC heap before
{Heap before GC invocations=14 (full 0):
 garbage-first heap   total 108544K, used 86773K [0x00000000a0000000, 0x0000000100000000)
  region size 1024K, 50 young (51200K), 3 survivors (3072K)
 Metaspace       used 53615K, committed 54016K, reserved 1097728K
  class space    used 7172K, committed 7360K, reserved 1048576K
}
Event: 3.009 GC heap after
{Heap after GC invocations=15 (full 0):
 garbage-first heap   total 108544K, used 47790K [0x00000000a0000000, 0x0000000100000000)
  region size 1024K, 7 young (7168K), 7 survivors (7168K)
 Metaspace       used 53615K, committed 54016K, reserved 1097728K
  class space    used 7172K, committed 7360K, reserved 1048576K
}
Event: 3.204 GC heap before
{Heap before GC invocations=15 (full 0):
 garbage-first heap   total 108544K, used 81582K [0x00000000a0000000, 0x0000000100000000)
  region size 1024K, 41 young (41984K), 7 survivors (7168K)
 Metaspace       used 56811K, committed 57280K, reserved 1105920K
  class space    used 7618K, committed 7808K, reserved 1048576K
}
Event: 3.207 GC heap after
{Heap after GC invocations=16 (full 0):
 garbage-first heap   total 223232K, used 50254K [0x00000000a0000000, 0x0000000100000000)
  region size 1024K, 3 young (3072K), 3 survivors (3072K)
 Metaspace       used 56811K, committed 57280K, reserved 1105920K
  class space    used 7618K, committed 7808K, reserved 1048576K
}
Event: 3.341 GC heap before
{Heap before GC invocations=16 (full 0):
 garbage-first heap   total 223232K, used 75854K [0x00000000a0000000, 0x0000000100000000)
  region size 1024K, 29 young (29696K), 3 survivors (3072K)
 Metaspace       used 59713K, committed 60160K, reserved 1105920K
  class space    used 7951K, committed 8192K, reserved 1048576K
}
Event: 3.343 GC heap after
{Heap after GC invocations=17 (full 0):
 garbage-first heap   total 223232K, used 50412K [0x00000000a0000000, 0x0000000100000000)
  region size 1024K, 3 young (3072K), 3 survivors (3072K)
 Metaspace       used 59713K, committed 60160K, reserved 1105920K
  class space    used 7951K, committed 8192K, reserved 1048576K
}
Event: 3.947 GC heap before
{Heap before GC invocations=18 (full 0):
 garbage-first heap   total 178176K, used 159980K [0x00000000a0000000, 0x0000000100000000)
  region size 1024K, 105 young (107520K), 3 survivors (3072K)
 Metaspace       used 69016K, committed 69632K, reserved 1114112K
  class space    used 9227K, committed 9536K, reserved 1048576K
}
Event: 3.951 GC heap after
{Heap after GC invocations=19 (full 0):
 garbage-first heap   total 178176K, used 58005K [0x00000000a0000000, 0x0000000100000000)
  region size 1024K, 11 young (11264K), 11 survivors (11264K)
 Metaspace       used 69016K, committed 69632K, reserved 1114112K
  class space    used 9227K, committed 9536K, reserved 1048576K
}
Event: 4.239 GC heap before
{Heap before GC invocations=19 (full 0):
 garbage-first heap   total 178176K, used 134805K [0x00000000a0000000, 0x0000000100000000)
  region size 1024K, 86 young (88064K), 11 survivors (11264K)
 Metaspace       used 72535K, committed 73024K, reserved 1114112K
  class space    used 9850K, committed 10112K, reserved 1048576K
}
Event: 4.244 GC heap after
{Heap after GC invocations=20 (full 0):
 garbage-first heap   total 178176K, used 63107K [0x00000000a0000000, 0x0000000100000000)
  region size 1024K, 5 young (5120K), 5 survivors (5120K)
 Metaspace       used 72535K, committed 73024K, reserved 1114112K
  class space    used 9850K, committed 10112K, reserved 1048576K
}
Event: 4.679 GC heap before
{Heap before GC invocations=20 (full 0):
 garbage-first heap   total 178176K, used 138883K [0x00000000a0000000, 0x0000000100000000)
  region size 1024K, 79 young (80896K), 5 survivors (5120K)
 Metaspace       used 78379K, committed 78912K, reserved 1122304K
  class space    used 10760K, committed 11008K, reserved 1048576K
}
Event: 4.683 GC heap after
{Heap after GC invocations=21 (full 0):
 garbage-first heap   total 178176K, used 67088K [0x00000000a0000000, 0x0000000100000000)
  region size 1024K, 9 young (9216K), 9 survivors (9216K)
 Metaspace       used 78379K, committed 78912K, reserved 1122304K
  class space    used 10760K, committed 11008K, reserved 1048576K
}
Event: 5.108 GC heap before
{Heap before GC invocations=21 (full 0):
 garbage-first heap   total 178176K, used 141840K [0x00000000a0000000, 0x0000000100000000)
  region size 1024K, 82 young (83968K), 9 survivors (9216K)
 Metaspace       used 83329K, committed 83968K, reserved 1122304K
  class space    used 11463K, committed 11776K, reserved 1048576K
}
Event: 5.115 GC heap after
{Heap after GC invocations=22 (full 0):
 garbage-first heap   total 178176K, used 73890K [0x00000000a0000000, 0x0000000100000000)
  region size 1024K, 11 young (11264K), 11 survivors (11264K)
 Metaspace       used 83329K, committed 83968K, reserved 1122304K
  class space    used 11463K, committed 11776K, reserved 1048576K
}
Event: 5.495 GC heap before
{Heap before GC invocations=22 (full 0):
 garbage-first heap   total 178176K, used 141474K [0x00000000a0000000, 0x0000000100000000)
  region size 1024K, 78 young (79872K), 11 survivors (11264K)
 Metaspace       used 86267K, committed 86848K, reserved 1130496K
  class space    used 12075K, committed 12352K, reserved 1048576K
}
Event: 5.502 GC heap after
{Heap after GC invocations=23 (full 0):
 garbage-first heap   total 178176K, used 81018K [0x00000000a0000000, 0x0000000100000000)
  region size 1024K, 8 young (8192K), 8 survivors (8192K)
 Metaspace       used 86267K, committed 86848K, reserved 1130496K
  class space    used 12075K, committed 12352K, reserved 1048576K
}
Event: 5.901 GC heap before
{Heap before GC invocations=23 (full 0):
 garbage-first heap   total 178176K, used 141434K [0x00000000a0000000, 0x0000000100000000)
  region size 1024K, 68 young (69632K), 8 survivors (8192K)
 Metaspace       used 90361K, committed 91008K, reserved 1130496K
  class space    used 12530K, committed 12864K, reserved 1048576K
}
Event: 5.905 GC heap after
{Heap after GC invocations=24 (full 0):
 garbage-first heap   total 178176K, used 84270K [0x00000000a0000000, 0x0000000100000000)
  region size 1024K, 4 young (4096K), 4 survivors (4096K)
 Metaspace       used 90361K, committed 91008K, reserved 1130496K
  class space    used 12530K, committed 12864K, reserved 1048576K
}

